<?xml version="1.0" encoding="UTF-8"?>
<!-- Generated by org.testng.reporters.JUnitXMLReporter -->
<testsuite hostname="DESKTOP-DJ7VF4K" ignored="0" name="Regression1" tests="5" failures="0" timestamp="28 Jun 2019 06:34:03 GMT" time="60.195" errors="0">
  <testcase name="@BeforeMethod setup" time="16.564" classname="com.qa.tests.DashboardPageTest">
    <failure type="java.lang.NullPointerException">
      <![CDATA[java.lang.NullPointerException
at com.qa.tests.DashboardPageTest.setup(DashboardPageTest.java:30)
... Removed 28 stack frames]]>
    </failure>
  </testcase> <!-- @BeforeMethod setup -->
  <testcase name="@AfterMethod teardown" time="0.0" classname="com.qa.tests.DashboardPageTest">
    <skipped/>
  </testcase> <!-- @AfterMethod teardown -->
  <testcase name="@BeforeMethod setup" time="0.0" classname="com.qa.tests.DashboardPageTest">
    <skipped/>
  </testcase> <!-- @BeforeMethod setup -->
  <testcase name="@AfterMethod teardown" time="0.0" classname="com.qa.tests.DashboardPageTest">
    <skipped/>
  </testcase> <!-- @AfterMethod teardown -->
  <testcase name="@BeforeMethod setup" time="0.0" classname="com.qa.tests.DashboardPageTest">
    <skipped/>
  </testcase> <!-- @BeforeMethod setup -->
  <testcase name="@AfterMethod teardown" time="0.0" classname="com.qa.tests.DashboardPageTest">
    <skipped/>
  </testcase> <!-- @AfterMethod teardown -->
  <testcase name="loginPageTitleTest" time="0.028" classname="com.qa.tests.LoginPageTest"/>
  <testcase name="dashboardPageTitleTest" time="0.0" classname="com.qa.tests.DashboardPageTest">
    <skipped/>
  </testcase> <!-- dashboardPageTitleTest -->
  <testcase name="signTest" time="3.01" classname="com.qa.tests.LoginPageTest"/>
  <testcase name="logoTest" time="0.0" classname="com.qa.tests.DashboardPageTest">
    <skipped/>
  </testcase> <!-- logoTest -->
  <testcase name="clickOnCreateRequestButtonTest" time="0.0" classname="com.qa.tests.DashboardPageTest">
    <skipped/>
  </testcase> <!-- clickOnCreateRequestButtonTest -->
</testsuite> <!-- Regression1 -->
