<?xml version="1.0" encoding="UTF-8"?>
<!-- Generated by org.testng.reporters.JUnitXMLReporter -->
<testsuite hostname="DESKTOP-DJ7VF4K" ignored="0" name="Validating very Important features" tests="4" failures="0" timestamp="27 Jun 2019 07:00:29 GMT" time="117.954" errors="0">
  <testcase name="loginPageTitleTest" time="0.029" classname="com.qa.tests.LoginPageTest"/>
  <testcase name="loggedUserNameTest" time="1.161" classname="com.qa.tests.AdminDashboardPageTest"/>
  <testcase name="signTest" time="7.962" classname="com.qa.tests.LoginPageTest"/>
  <testcase name="impersonateTest" time="0.97" classname="com.qa.tests.AdminDashboardPageTest"/>
</testsuite> <!-- Validating very Important features -->
