<?xml version="1.0" encoding="UTF-8"?>
<!-- Generated by org.testng.reporters.JUnitXMLReporter -->
<testsuite hostname="DESKTOP-DJ7VF4K" ignored="0" name="Default test" tests="3" failures="0" timestamp="28 Jun 2019 08:51:38 GMT" time="113.9" errors="0">
  <testcase name="dashboardPageTitleTest" time="2.575" classname="com.qa.tests.DashboardPageTest"/>
  <testcase name="logoTest" time="10.181" classname="com.qa.tests.DashboardPageTest"/>
  <testcase name="clickOnCreateRequestButtonTest" time="5.86" classname="com.qa.tests.DashboardPageTest"/>
</testsuite> <!-- Default test -->
