<?xml version="1.0" encoding="UTF-8"?>
<testng-results skipped="0" failed="0" ignored="0" total="3" passed="3">
  <reporter-output>
  </reporter-output>
  <suite name="Default suite" duration-ms="113900" started-at="2019-06-28T08:49:44Z" finished-at="2019-06-28T08:51:38Z">
    <groups>
    </groups>
    <test name="Default test" duration-ms="113900" started-at="2019-06-28T08:49:44Z" finished-at="2019-06-28T08:51:38Z">
      <class name="com.qa.tests.DashboardPageTest">
        <test-method status="PASS" signature="setup()[pri:0, instance:com.qa.tests.DashboardPageTest@281e3708]" name="setup" is-config="true" duration-ms="31350" started-at="2019-06-28T08:49:44Z" finished-at="2019-06-28T08:50:15Z">
          <reporter-output>
          </reporter-output>
        </test-method> <!-- setup -->
        <test-method status="PASS" signature="dashboardPageTitleTest()[pri:1, instance:com.qa.tests.DashboardPageTest@281e3708]" name="dashboardPageTitleTest" duration-ms="2575" started-at="2019-06-28T08:50:15Z" finished-at="2019-06-28T08:50:18Z">
          <reporter-output>
          </reporter-output>
        </test-method> <!-- dashboardPageTitleTest -->
        <test-method status="PASS" signature="teardown(org.testng.ITestResult)[pri:0, instance:com.qa.tests.DashboardPageTest@281e3708]" name="teardown" is-config="true" duration-ms="2684" started-at="2019-06-28T08:50:18Z" finished-at="2019-06-28T08:50:21Z">
          <params>
            <param index="0">
              <value>
                <![CDATA[[TestResult name=dashboardPageTitleTest status=SUCCESS method=DashboardPageTest.dashboardPageTitleTest()[pri:1, instance:com.qa.tests.DashboardPageTest@281e3708] output={null}]]]>
              </value>
            </param>
          </params>
          <reporter-output>
          </reporter-output>
        </test-method> <!-- teardown -->
        <test-method status="PASS" signature="setup()[pri:0, instance:com.qa.tests.DashboardPageTest@281e3708]" name="setup" is-config="true" duration-ms="28360" started-at="2019-06-28T08:50:21Z" finished-at="2019-06-28T08:50:49Z">
          <reporter-output>
          </reporter-output>
        </test-method> <!-- setup -->
        <test-method status="PASS" signature="logoTest()[pri:2, instance:com.qa.tests.DashboardPageTest@281e3708]" name="logoTest" duration-ms="10181" started-at="2019-06-28T08:50:49Z" finished-at="2019-06-28T08:50:59Z">
          <reporter-output>
          </reporter-output>
        </test-method> <!-- logoTest -->
        <test-method status="PASS" signature="teardown(org.testng.ITestResult)[pri:0, instance:com.qa.tests.DashboardPageTest@281e3708]" name="teardown" is-config="true" duration-ms="2329" started-at="2019-06-28T08:50:59Z" finished-at="2019-06-28T08:51:02Z">
          <params>
            <param index="0">
              <value>
                <![CDATA[[TestResult name=logoTest status=SUCCESS method=DashboardPageTest.logoTest()[pri:2, instance:com.qa.tests.DashboardPageTest@281e3708] output={null}]]]>
              </value>
            </param>
          </params>
          <reporter-output>
          </reporter-output>
        </test-method> <!-- teardown -->
        <test-method status="PASS" signature="setup()[pri:0, instance:com.qa.tests.DashboardPageTest@281e3708]" name="setup" is-config="true" duration-ms="28584" started-at="2019-06-28T08:51:02Z" finished-at="2019-06-28T08:51:30Z">
          <reporter-output>
          </reporter-output>
        </test-method> <!-- setup -->
        <test-method status="PASS" signature="clickOnCreateRequestButtonTest()[pri:3, instance:com.qa.tests.DashboardPageTest@281e3708]" name="clickOnCreateRequestButtonTest" duration-ms="5860" started-at="2019-06-28T08:51:30Z" finished-at="2019-06-28T08:51:36Z">
          <reporter-output>
          </reporter-output>
        </test-method> <!-- clickOnCreateRequestButtonTest -->
        <test-method status="PASS" signature="teardown(org.testng.ITestResult)[pri:0, instance:com.qa.tests.DashboardPageTest@281e3708]" name="teardown" is-config="true" duration-ms="1917" started-at="2019-06-28T08:51:36Z" finished-at="2019-06-28T08:51:38Z">
          <params>
            <param index="0">
              <value>
                <![CDATA[[TestResult name=clickOnCreateRequestButtonTest status=SUCCESS method=DashboardPageTest.clickOnCreateRequestButtonTest()[pri:3, instance:com.qa.tests.DashboardPageTest@281e3708] output={null}]]]>
              </value>
            </param>
          </params>
          <reporter-output>
          </reporter-output>
        </test-method> <!-- teardown -->
      </class> <!-- com.qa.tests.DashboardPageTest -->
    </test> <!-- Default test -->
  </suite> <!-- Default suite -->
</testng-results>
